[0.352s] DEBUG:colcon:Command line arguments: ['/usr/bin/colcon', 'build', '--packages-select', 'select_table_interfaces']
[0.352s] DEBUG:colcon:Parsed command line arguments: Namespace(log_base=None, log_level=None, verb_name='build', build_base='build', install_base='install', merge_install=False, symlink_install=False, test_result_base=None, continue_on_error=False, executor='parallel', parallel_workers=8, event_handlers=None, ignore_user_meta=False, metas=['./colcon.meta'], base_paths=['.'], packages_ignore=None, packages_ignore_regex=None, paths=None, packages_up_to=None, packages_up_to_regex=None, packages_above=None, packages_above_and_dependencies=None, packages_above_depth=None, packages_select_by_dep=None, packages_skip_by_dep=None, packages_skip_up_to=None, packages_select_build_failed=False, packages_skip_build_finished=False, packages_select_test_failures=False, packages_skip_test_passed=False, packages_select=['select_table_interfaces'], packages_skip=None, packages_select_regex=None, packages_skip_regex=None, packages_start=None, packages_end=None, cmake_args=None, cmake_target=None, cmake_target_skip_unavailable=False, cmake_clean_cache=False, cmake_clean_first=False, cmake_force_configure=False, ament_cmake_args=None, catkin_cmake_args=None, catkin_skip_building_tests=False, mixin_files=None, mixin=None, verb_parser=<colcon_mixin.mixin.mixin_argument.MixinArgumentDecorator object at 0x7c044aed33d0>, verb_extension=<colcon_core.verb.build.BuildVerb object at 0x7c044b6f03d0>, main=<bound method BuildVerb.main of <colcon_core.verb.build.BuildVerb object at 0x7c044b6f03d0>>, mixin_verb=('build',))
[0.391s] Level 1:colcon.colcon_core.package_discovery:discover_packages(colcon_meta) check parameters
[0.391s] Level 1:colcon.colcon_core.package_discovery:discover_packages(recursive) check parameters
[0.391s] Level 1:colcon.colcon_core.package_discovery:discover_packages(ignore) check parameters
[0.391s] Level 1:colcon.colcon_core.package_discovery:discover_packages(path) check parameters
[0.391s] Level 1:colcon.colcon_core.package_discovery:discover_packages(colcon_meta) discover
[0.391s] Level 1:colcon.colcon_core.package_discovery:discover_packages(recursive) discover
[0.391s] INFO:colcon.colcon_core.package_discovery:Crawling recursively for packages in '/home/robot/ros_ws/src'
[0.391s] Level 1:colcon.colcon_core.package_identification:_identify(.) by extensions ['ignore', 'ignore_ament_install']
[0.392s] Level 1:colcon.colcon_core.package_identification:_identify(.) by extension 'ignore'
[0.392s] Level 1:colcon.colcon_core.package_identification:_identify(.) by extension 'ignore_ament_install'
[0.392s] Level 1:colcon.colcon_core.package_identification:_identify(.) by extensions ['colcon_pkg']
[0.392s] Level 1:colcon.colcon_core.package_identification:_identify(.) by extension 'colcon_pkg'
[0.392s] Level 1:colcon.colcon_core.package_identification:_identify(.) by extensions ['colcon_meta']
[0.392s] Level 1:colcon.colcon_core.package_identification:_identify(.) by extension 'colcon_meta'
[0.392s] Level 1:colcon.colcon_core.package_identification:_identify(.) by extensions ['ros']
[0.392s] Level 1:colcon.colcon_core.package_identification:_identify(.) by extension 'ros'
[0.407s] Level 1:colcon.colcon_core.package_identification:_identify(.) by extensions ['cmake', 'python']
[0.407s] Level 1:colcon.colcon_core.package_identification:_identify(.) by extension 'cmake'
[0.407s] Level 1:colcon.colcon_core.package_identification:_identify(.) by extension 'python'
[0.407s] Level 1:colcon.colcon_core.package_identification:_identify(.) by extensions ['python_setup_py']
[0.407s] Level 1:colcon.colcon_core.package_identification:_identify(.) by extension 'python_setup_py'
[0.408s] Level 1:colcon.colcon_core.package_identification:_identify(build) by extensions ['ignore', 'ignore_ament_install']
[0.408s] Level 1:colcon.colcon_core.package_identification:_identify(build) by extension 'ignore'
[0.408s] Level 1:colcon.colcon_core.package_identification:_identify(build) ignored
[0.408s] Level 1:colcon.colcon_core.package_identification:_identify(install) by extensions ['ignore', 'ignore_ament_install']
[0.408s] Level 1:colcon.colcon_core.package_identification:_identify(install) by extension 'ignore'
[0.408s] Level 1:colcon.colcon_core.package_identification:_identify(install) ignored
[0.408s] Level 1:colcon.colcon_core.package_identification:_identify(log) by extensions ['ignore', 'ignore_ament_install']
[0.408s] Level 1:colcon.colcon_core.package_identification:_identify(log) by extension 'ignore'
[0.408s] Level 1:colcon.colcon_core.package_identification:_identify(log) ignored
[0.409s] Level 1:colcon.colcon_core.package_identification:_identify(pkg_website_beerpong) by extensions ['ignore', 'ignore_ament_install']
[0.409s] Level 1:colcon.colcon_core.package_identification:_identify(pkg_website_beerpong) by extension 'ignore'
[0.409s] Level 1:colcon.colcon_core.package_identification:_identify(pkg_website_beerpong) by extension 'ignore_ament_install'
[0.409s] Level 1:colcon.colcon_core.package_identification:_identify(pkg_website_beerpong) by extensions ['colcon_pkg']
[0.409s] Level 1:colcon.colcon_core.package_identification:_identify(pkg_website_beerpong) by extension 'colcon_pkg'
[0.409s] Level 1:colcon.colcon_core.package_identification:_identify(pkg_website_beerpong) by extensions ['colcon_meta']
[0.409s] Level 1:colcon.colcon_core.package_identification:_identify(pkg_website_beerpong) by extension 'colcon_meta'
[0.409s] Level 1:colcon.colcon_core.package_identification:_identify(pkg_website_beerpong) by extensions ['ros']
[0.409s] Level 1:colcon.colcon_core.package_identification:_identify(pkg_website_beerpong) by extension 'ros'
[0.412s] DEBUG:colcon.colcon_core.package_identification:Package 'pkg_website_beerpong' with type 'ros.ament_python' and name 'pkg_website_beerpong'
[0.412s] Level 1:colcon.colcon_core.package_identification:_identify(r2e_tutorial) by extensions ['ignore', 'ignore_ament_install']
[0.412s] Level 1:colcon.colcon_core.package_identification:_identify(r2e_tutorial) by extension 'ignore'
[0.412s] Level 1:colcon.colcon_core.package_identification:_identify(r2e_tutorial) by extension 'ignore_ament_install'
[0.413s] Level 1:colcon.colcon_core.package_identification:_identify(r2e_tutorial) by extensions ['colcon_pkg']
[0.413s] Level 1:colcon.colcon_core.package_identification:_identify(r2e_tutorial) by extension 'colcon_pkg'
[0.413s] Level 1:colcon.colcon_core.package_identification:_identify(r2e_tutorial) by extensions ['colcon_meta']
[0.413s] Level 1:colcon.colcon_core.package_identification:_identify(r2e_tutorial) by extension 'colcon_meta'
[0.413s] Level 1:colcon.colcon_core.package_identification:_identify(r2e_tutorial) by extensions ['ros']
[0.413s] Level 1:colcon.colcon_core.package_identification:_identify(r2e_tutorial) by extension 'ros'
[0.413s] DEBUG:colcon.colcon_core.package_identification:Package 'r2e_tutorial' with type 'ros.ament_python' and name 'r2e_tutorial'
[0.413s] Level 1:colcon.colcon_core.package_identification:_identify(select_table_interfaces) by extensions ['ignore', 'ignore_ament_install']
[0.414s] Level 1:colcon.colcon_core.package_identification:_identify(select_table_interfaces) by extension 'ignore'
[0.414s] Level 1:colcon.colcon_core.package_identification:_identify(select_table_interfaces) by extension 'ignore_ament_install'
[0.414s] Level 1:colcon.colcon_core.package_identification:_identify(select_table_interfaces) by extensions ['colcon_pkg']
[0.414s] Level 1:colcon.colcon_core.package_identification:_identify(select_table_interfaces) by extension 'colcon_pkg'
[0.414s] Level 1:colcon.colcon_core.package_identification:_identify(select_table_interfaces) by extensions ['colcon_meta']
[0.414s] Level 1:colcon.colcon_core.package_identification:_identify(select_table_interfaces) by extension 'colcon_meta'
[0.414s] Level 1:colcon.colcon_core.package_identification:_identify(select_table_interfaces) by extensions ['ros']
[0.414s] Level 1:colcon.colcon_core.package_identification:_identify(select_table_interfaces) by extension 'ros'
[0.415s] DEBUG:colcon.colcon_core.package_identification:Package 'select_table_interfaces' with type 'ros.ament_cmake' and name 'select_table_interfaces'
[0.415s] Level 1:colcon.colcon_core.package_discovery:discover_packages(recursive) using defaults
[0.415s] Level 1:colcon.colcon_core.package_discovery:discover_packages(ignore) discover
[0.415s] Level 1:colcon.colcon_core.package_discovery:discover_packages(ignore) using defaults
[0.415s] Level 1:colcon.colcon_core.package_discovery:discover_packages(path) discover
[0.415s] Level 1:colcon.colcon_core.package_discovery:discover_packages(path) using defaults
[0.444s] INFO:colcon.colcon_core.package_selection:Skipping not selected package 'pkg_website_beerpong' in 'pkg_website_beerpong'
[0.444s] INFO:colcon.colcon_core.package_selection:Skipping not selected package 'r2e_tutorial' in 'r2e_tutorial'
[0.445s] Level 5:colcon.colcon_core.verb:set package 'select_table_interfaces' build argument 'cmake_args' from command line to 'None'
[0.445s] Level 5:colcon.colcon_core.verb:set package 'select_table_interfaces' build argument 'cmake_target' from command line to 'None'
[0.445s] Level 5:colcon.colcon_core.verb:set package 'select_table_interfaces' build argument 'cmake_target_skip_unavailable' from command line to 'False'
[0.445s] Level 5:colcon.colcon_core.verb:set package 'select_table_interfaces' build argument 'cmake_clean_cache' from command line to 'False'
[0.446s] Level 5:colcon.colcon_core.verb:set package 'select_table_interfaces' build argument 'cmake_clean_first' from command line to 'False'
[0.446s] Level 5:colcon.colcon_core.verb:set package 'select_table_interfaces' build argument 'cmake_force_configure' from command line to 'False'
[0.446s] Level 5:colcon.colcon_core.verb:set package 'select_table_interfaces' build argument 'ament_cmake_args' from command line to 'None'
[0.446s] Level 5:colcon.colcon_core.verb:set package 'select_table_interfaces' build argument 'catkin_cmake_args' from command line to 'None'
[0.446s] Level 5:colcon.colcon_core.verb:set package 'select_table_interfaces' build argument 'catkin_skip_building_tests' from command line to 'False'
[0.446s] DEBUG:colcon.colcon_core.verb:Building package 'select_table_interfaces' with the following arguments: {'ament_cmake_args': None, 'build_base': '/home/robot/ros_ws/src/build/select_table_interfaces', 'catkin_cmake_args': None, 'catkin_skip_building_tests': False, 'cmake_args': None, 'cmake_clean_cache': False, 'cmake_clean_first': False, 'cmake_force_configure': False, 'cmake_target': None, 'cmake_target_skip_unavailable': False, 'install_base': '/home/robot/ros_ws/src/install/select_table_interfaces', 'merge_install': False, 'path': '/home/robot/ros_ws/src/select_table_interfaces', 'symlink_install': False, 'test_result_base': None}
[0.446s] INFO:colcon.colcon_core.executor:Executing jobs using 'parallel' executor
[0.450s] DEBUG:colcon.colcon_parallel_executor.executor.parallel:run_until_complete
[0.451s] INFO:colcon.colcon_ros.task.ament_cmake.build:Building ROS package in '/home/robot/ros_ws/src/select_table_interfaces' with build type 'ament_cmake'
[0.451s] INFO:colcon.colcon_cmake.task.cmake.build:Building CMake package in '/home/robot/ros_ws/src/select_table_interfaces'
[0.458s] INFO:colcon.colcon_core.plugin_system:Skipping extension 'colcon_core.shell.bat': Not used on non-Windows systems
[0.458s] INFO:colcon.colcon_core.shell:Skip shell extension 'powershell' for command environment: Not usable outside of PowerShell
[0.458s] DEBUG:colcon.colcon_core.shell:Skip shell extension 'dsv' for command environment
[0.476s] DEBUG:colcon.colcon_core.event_handler.log_command:Invoking command in '/home/robot/ros_ws/src/build/select_table_interfaces': CMAKE_PREFIX_PATH=${CMAKE_PREFIX_PATH}:/home/robot/ros_ws/src/install/r2e_tutorial:/home/robot/ros_ws/src/install/pkg_website_beerpong:/home/robot/ros_ws/install/r2e_tutorial:/home/robot/ros_ws/install/pkg_website_beerpong:/opt/ros_dependencies/install/ros_environment:/opt/ros/humble /usr/bin/cmake /home/robot/ros_ws/src/select_table_interfaces -DCMAKE_INSTALL_PREFIX=/home/robot/ros_ws/src/install/select_table_interfaces
[1.550s] DEBUG:colcon.colcon_core.event_handler.log_command:Invoked command in '/home/robot/ros_ws/src/build/select_table_interfaces' returned '1': CMAKE_PREFIX_PATH=${CMAKE_PREFIX_PATH}:/home/robot/ros_ws/src/install/r2e_tutorial:/home/robot/ros_ws/src/install/pkg_website_beerpong:/home/robot/ros_ws/install/r2e_tutorial:/home/robot/ros_ws/install/pkg_website_beerpong:/opt/ros_dependencies/install/ros_environment:/opt/ros/humble /usr/bin/cmake /home/robot/ros_ws/src/select_table_interfaces -DCMAKE_INSTALL_PREFIX=/home/robot/ros_ws/src/install/select_table_interfaces
[1.565s] Level 1:colcon.colcon_core.environment:create_environment_scripts_only(select_table_interfaces)
[1.571s] Level 1:colcon.colcon_core.environment:checking '/home/robot/ros_ws/src/install/select_table_interfaces' for CMake module files
[1.571s] Level 1:colcon.colcon_core.environment:checking '/home/robot/ros_ws/src/install/select_table_interfaces' for CMake config files
[1.572s] Level 1:colcon.colcon_core.environment:checking '/home/robot/ros_ws/src/install/select_table_interfaces/bin'
[1.572s] Level 1:colcon.colcon_core.environment:checking '/home/robot/ros_ws/src/install/select_table_interfaces/lib/pkgconfig/select_table_interfaces.pc'
[1.574s] Level 1:colcon.colcon_core.environment:checking '/home/robot/ros_ws/src/install/select_table_interfaces/lib/python3.10/site-packages'
[1.574s] Level 1:colcon.colcon_core.environment:checking '/home/robot/ros_ws/src/install/select_table_interfaces/bin'
[1.575s] INFO:colcon.colcon_core.shell:Creating package script '/home/robot/ros_ws/src/install/select_table_interfaces/share/select_table_interfaces/package.ps1'
[1.576s] INFO:colcon.colcon_core.shell:Creating package descriptor '/home/robot/ros_ws/src/install/select_table_interfaces/share/select_table_interfaces/package.dsv'
[1.577s] INFO:colcon.colcon_core.shell:Creating package script '/home/robot/ros_ws/src/install/select_table_interfaces/share/select_table_interfaces/package.sh'
[1.578s] INFO:colcon.colcon_core.shell:Creating package script '/home/robot/ros_ws/src/install/select_table_interfaces/share/select_table_interfaces/package.bash'
[1.578s] INFO:colcon.colcon_core.shell:Creating package script '/home/robot/ros_ws/src/install/select_table_interfaces/share/select_table_interfaces/package.zsh'
[1.579s] Level 1:colcon.colcon_core.environment:create_file_with_runtime_dependencies(/home/robot/ros_ws/src/install/select_table_interfaces/share/colcon-core/packages/select_table_interfaces)
[1.590s] DEBUG:colcon.colcon_parallel_executor.executor.parallel:closing loop
[1.590s] DEBUG:colcon.colcon_parallel_executor.executor.parallel:loop closed
[1.590s] DEBUG:colcon.colcon_parallel_executor.executor.parallel:run_until_complete finished with '1'
[1.590s] DEBUG:colcon.colcon_core.event_reactor:joining thread
[1.599s] INFO:colcon.colcon_core.plugin_system:Skipping extension 'colcon_notification.desktop_notification.notify_send': Could not find 'notify-send'
[1.599s] INFO:colcon.colcon_core.plugin_system:Skipping extension 'colcon_notification.desktop_notification.terminal_notifier': Not used on non-Darwin systems
[1.599s] INFO:colcon.colcon_core.plugin_system:Skipping extension 'colcon_notification.desktop_notification.win32': Not used on non-Windows systems
[1.599s] INFO:colcon.colcon_notification.desktop_notification:Sending desktop notification using 'notify2'
[1.601s] DEBUG:colcon.colcon_notification.desktop_notification.notify2:Failed to initialize notify2: org.freedesktop.DBus.Error.Spawn.ExecFailed: /usr/bin/dbus-launch terminated abnormally without any error message
[1.602s] DEBUG:colcon.colcon_core.event_reactor:joined thread
[1.604s] INFO:colcon.colcon_core.shell:Creating prefix script '/home/robot/ros_ws/src/install/local_setup.ps1'
[1.606s] INFO:colcon.colcon_core.shell:Creating prefix util module '/home/robot/ros_ws/src/install/_local_setup_util_ps1.py'
[1.607s] INFO:colcon.colcon_core.shell:Creating prefix chain script '/home/robot/ros_ws/src/install/setup.ps1'
[1.610s] INFO:colcon.colcon_core.shell:Creating prefix script '/home/robot/ros_ws/src/install/local_setup.sh'
[1.611s] INFO:colcon.colcon_core.shell:Creating prefix util module '/home/robot/ros_ws/src/install/_local_setup_util_sh.py'
[1.612s] INFO:colcon.colcon_core.shell:Creating prefix chain script '/home/robot/ros_ws/src/install/setup.sh'
[1.616s] INFO:colcon.colcon_core.shell:Creating prefix script '/home/robot/ros_ws/src/install/local_setup.bash'
[1.617s] INFO:colcon.colcon_core.shell:Creating prefix chain script '/home/robot/ros_ws/src/install/setup.bash'
[1.619s] INFO:colcon.colcon_core.shell:Creating prefix script '/home/robot/ros_ws/src/install/local_setup.zsh'
[1.620s] INFO:colcon.colcon_core.shell:Creating prefix chain script '/home/robot/ros_ws/src/install/setup.zsh'
