running egg_info
creating ../build/r2e_tutorial/r2e_tutorial.egg-info
writing ../build/r2e_tutorial/r2e_tutorial.egg-info/PKG-INFO
writing dependency_links to ../build/r2e_tutorial/r2e_tutorial.egg-info/dependency_links.txt
writing entry points to ../build/r2e_tutorial/r2e_tutorial.egg-info/entry_points.txt
writing requirements to ../build/r2e_tutorial/r2e_tutorial.egg-info/requires.txt
writing top-level names to ../build/r2e_tutorial/r2e_tutorial.egg-info/top_level.txt
writing manifest file '../build/r2e_tutorial/r2e_tutorial.egg-info/SOURCES.txt'
reading manifest file '../build/r2e_tutorial/r2e_tutorial.egg-info/SOURCES.txt'
writing manifest file '../build/r2e_tutorial/r2e_tutorial.egg-info/SOURCES.txt'
running build
running build_py
creating /home/robot/ros_ws/src/build/r2e_tutorial/build
creating /home/robot/ros_ws/src/build/r2e_tutorial/build/lib
creating /home/robot/ros_ws/src/build/r2e_tutorial/build/lib/r2e_tutorial
copying r2e_tutorial/example.py -> /home/robot/ros_ws/src/build/r2e_tutorial/build/lib/r2e_tutorial
copying r2e_tutorial/__init__.py -> /home/robot/ros_ws/src/build/r2e_tutorial/build/lib/r2e_tutorial
running install
running install_lib
creating /home/robot/ros_ws/src/install/r2e_tutorial/lib/python3.10/site-packages/r2e_tutorial
copying /home/robot/ros_ws/src/build/r2e_tutorial/build/lib/r2e_tutorial/example.py -> /home/robot/ros_ws/src/install/r2e_tutorial/lib/python3.10/site-packages/r2e_tutorial
copying /home/robot/ros_ws/src/build/r2e_tutorial/build/lib/r2e_tutorial/__init__.py -> /home/robot/ros_ws/src/install/r2e_tutorial/lib/python3.10/site-packages/r2e_tutorial
byte-compiling /home/robot/ros_ws/src/install/r2e_tutorial/lib/python3.10/site-packages/r2e_tutorial/example.py to example.cpython-310.pyc
byte-compiling /home/robot/ros_ws/src/install/r2e_tutorial/lib/python3.10/site-packages/r2e_tutorial/__init__.py to __init__.cpython-310.pyc
running install_data
creating /home/robot/ros_ws/src/install/r2e_tutorial/share/ament_index
creating /home/robot/ros_ws/src/install/r2e_tutorial/share/ament_index/resource_index
creating /home/robot/ros_ws/src/install/r2e_tutorial/share/ament_index/resource_index/packages
copying resource/r2e_tutorial -> /home/robot/ros_ws/src/install/r2e_tutorial/share/ament_index/resource_index/packages
copying package.xml -> /home/robot/ros_ws/src/install/r2e_tutorial/share/r2e_tutorial
running install_egg_info
Copying ../build/r2e_tutorial/r2e_tutorial.egg-info to /home/robot/ros_ws/src/install/r2e_tutorial/lib/python3.10/site-packages/r2e_tutorial-0.0.0-py3.10.egg-info
running install_scripts
Installing example script to /home/robot/ros_ws/src/install/r2e_tutorial/lib/r2e_tutorial
Installing house script to /home/robot/ros_ws/src/install/r2e_tutorial/lib/r2e_tutorial
writing list of installed files to '/home/robot/ros_ws/src/build/r2e_tutorial/install.log'
