[0.023s] Invoking command in '/home/robot/ros_ws/src/build/select_table_interfaces': CMAKE_PREFIX_PATH=${CMAKE_PREFIX_PATH}:/home/robot/ros_ws/src/install/r2e_tutorial:/home/robot/ros_ws/src/install/pkg_website_beerpong:/home/robot/ros_ws/install/r2e_tutorial:/home/robot/ros_ws/install/pkg_website_beerpong:/opt/ros_dependencies/install/ros_environment:/opt/ros/humble /usr/bin/cmake /home/robot/ros_ws/src/select_table_interfaces -DCMAKE_INSTALL_PREFIX=/home/robot/ros_ws/src/install/select_table_interfaces
[0.220s] -- The C compiler identification is GNU 11.4.0
[0.353s] -- The CXX compiler identification is GNU 11.4.0
[0.366s] -- Detecting C compiler ABI info
[0.467s] -- Detecting C compiler ABI info - done
[0.478s] -- Check for working C compiler: /usr/bin/cc - skipped
[0.478s] -- Detecting C compile features
[0.479s] -- Detecting C compile features - done
[0.486s] -- Detecting CXX compiler ABI info
[0.614s] -- Detecting CXX compiler ABI info - done
[0.630s] -- Check for working CXX compiler: /usr/bin/c++ - skipped
[0.630s] -- Detecting CXX compile features
[0.631s] -- Detecting CXX compile features - done
[0.645s] -- Found ament_cmake: 1.3.5 (/opt/ros/humble/share/ament_cmake/cmake)
[0.904s] -- Found Python3: /usr/bin/python3.10 (found version "3.10.12") found components: Interpreter 
[1.092s] [31mCMake Error at CMakeLists.txt:11 (rosidl_generate_interfaces):
[1.092s]   Unknown CMake command "rosidl_generate_interfaces".
[1.092s] 
[1.092s] [0m
[1.092s] -- Configuring incomplete, errors occurred!
[1.092s] See also "/home/robot/ros_ws/src/build/select_table_interfaces/CMakeFiles/CMakeOutput.log".
[1.098s] Invoked command in '/home/robot/ros_ws/src/build/select_table_interfaces' returned '1': CMAKE_PREFIX_PATH=${CMAKE_PREFIX_PATH}:/home/robot/ros_ws/src/install/r2e_tutorial:/home/robot/ros_ws/src/install/pkg_website_beerpong:/home/robot/ros_ws/install/r2e_tutorial:/home/robot/ros_ws/install/pkg_website_beerpong:/opt/ros_dependencies/install/ros_environment:/opt/ros/humble /usr/bin/cmake /home/robot/ros_ws/src/select_table_interfaces -DCMAKE_INSTALL_PREFIX=/home/robot/ros_ws/src/install/select_table_interfaces
