[0.888s] Invoking command in '/home/robot/ros_ws/src/pkg_website_beerpong': PYTHONPATH=/home/robot/ros_ws/src/pkg_website_beerpong/build/pkg_website_beerpong/prefix_override:/home/robot/ros_ws/src/pkg_website_beerpong/install/pkg_website_beerpong/lib/python3.10/site-packages:${PYTHONPATH} /usr/bin/python3 setup.py egg_info --egg-base build/pkg_website_beerpong build --build-base /home/robot/ros_ws/src/pkg_website_beerpong/build/pkg_website_beerpong/build install --record /home/robot/ros_ws/src/pkg_website_beerpong/build/pkg_website_beerpong/install.log --single-version-externally-managed
[1.165s] running egg_info
[1.166s] writing build/pkg_website_beerpong/pkg_website_beerpong.egg-info/PKG-INFO
[1.166s] writing dependency_links to build/pkg_website_beerpong/pkg_website_beerpong.egg-info/dependency_links.txt
[1.166s] writing entry points to build/pkg_website_beerpong/pkg_website_beerpong.egg-info/entry_points.txt
[1.166s] writing requirements to build/pkg_website_beerpong/pkg_website_beerpong.egg-info/requires.txt
[1.166s] writing top-level names to build/pkg_website_beerpong/pkg_website_beerpong.egg-info/top_level.txt
[1.169s] reading manifest file 'build/pkg_website_beerpong/pkg_website_beerpong.egg-info/SOURCES.txt'
[1.169s] adding license file 'LICENSE'
[1.170s] writing manifest file 'build/pkg_website_beerpong/pkg_website_beerpong.egg-info/SOURCES.txt'
[1.170s] running build
[1.170s] running build_py
[1.171s] running install
[1.171s] /usr/lib/python3/dist-packages/setuptools/command/install.py:34: SetuptoolsDeprecationWarning: setup.py install is deprecated. Use build and pip and other standards-based tools.
[1.171s]   warnings.warn(
[1.171s] running install_lib
[1.173s] running install_data
[1.174s] running install_egg_info
[1.176s] Copying build/pkg_website_beerpong/pkg_website_beerpong.egg-info to /home/robot/ros_ws/src/pkg_website_beerpong/install/pkg_website_beerpong/lib/python3.10/site-packages/pkg_website_beerpong-0.0.0-py3.10.egg-info
[1.177s] running install_scripts
[1.202s] Installing website_beerpong script to /home/robot/ros_ws/src/pkg_website_beerpong/install/pkg_website_beerpong/lib/pkg_website_beerpong
[1.202s] writing list of installed files to '/home/robot/ros_ws/src/pkg_website_beerpong/build/pkg_website_beerpong/install.log'
[1.230s] Invoked command in '/home/robot/ros_ws/src/pkg_website_beerpong' returned '0': PYTHONPATH=/home/robot/ros_ws/src/pkg_website_beerpong/build/pkg_website_beerpong/prefix_override:/home/robot/ros_ws/src/pkg_website_beerpong/install/pkg_website_beerpong/lib/python3.10/site-packages:${PYTHONPATH} /usr/bin/python3 setup.py egg_info --egg-base build/pkg_website_beerpong build --build-base /home/robot/ros_ws/src/pkg_website_beerpong/build/pkg_website_beerpong/build install --record /home/robot/ros_ws/src/pkg_website_beerpong/build/pkg_website_beerpong/install.log --single-version-externally-managed
