/home/robot/ros_ws/src/pkg_website_beerpong/install/pkg_website_beerpong/lib/python3.10/site-packages/pkg_website_beerpong/__init__.py
/home/robot/ros_ws/src/pkg_website_beerpong/install/pkg_website_beerpong/lib/python3.10/site-packages/pkg_website_beerpong/SelectTablePublisher.py
/home/robot/ros_ws/src/pkg_website_beerpong/install/pkg_website_beerpong/lib/python3.10/site-packages/pkg_website_beerpong/SelectedTable.py
/home/robot/ros_ws/src/pkg_website_beerpong/install/pkg_website_beerpong/lib/python3.10/site-packages/pkg_website_beerpong/app.py
/home/robot/ros_ws/src/pkg_website_beerpong/install/pkg_website_beerpong/lib/python3.10/site-packages/pkg_website_beerpong/website_beerpong.py
/home/robot/ros_ws/src/pkg_website_beerpong/install/pkg_website_beerpong/lib/python3.10/site-packages/pkg_website_beerpong/__pycache__/__init__.cpython-310.pyc
/home/robot/ros_ws/src/pkg_website_beerpong/install/pkg_website_beerpong/lib/python3.10/site-packages/pkg_website_beerpong/__pycache__/SelectTablePublisher.cpython-310.pyc
/home/robot/ros_ws/src/pkg_website_beerpong/install/pkg_website_beerpong/lib/python3.10/site-packages/pkg_website_beerpong/__pycache__/SelectedTable.cpython-310.pyc
/home/robot/ros_ws/src/pkg_website_beerpong/install/pkg_website_beerpong/lib/python3.10/site-packages/pkg_website_beerpong/__pycache__/app.cpython-310.pyc
/home/robot/ros_ws/src/pkg_website_beerpong/install/pkg_website_beerpong/lib/python3.10/site-packages/pkg_website_beerpong/__pycache__/website_beerpong.cpython-310.pyc
/home/robot/ros_ws/src/pkg_website_beerpong/install/pkg_website_beerpong/share/ament_index/resource_index/packages/pkg_website_beerpong
/home/robot/ros_ws/src/pkg_website_beerpong/install/pkg_website_beerpong/share/pkg_website_beerpong/package.xml
/home/robot/ros_ws/src/pkg_website_beerpong/install/pkg_website_beerpong/lib/python3.10/site-packages/pkg_website_beerpong-0.0.0-py3.10.egg-info/top_level.txt
/home/robot/ros_ws/src/pkg_website_beerpong/install/pkg_website_beerpong/lib/python3.10/site-packages/pkg_website_beerpong-0.0.0-py3.10.egg-info/zip-safe
/home/robot/ros_ws/src/pkg_website_beerpong/install/pkg_website_beerpong/lib/python3.10/site-packages/pkg_website_beerpong-0.0.0-py3.10.egg-info/requires.txt
/home/robot/ros_ws/src/pkg_website_beerpong/install/pkg_website_beerpong/lib/python3.10/site-packages/pkg_website_beerpong-0.0.0-py3.10.egg-info/SOURCES.txt
/home/robot/ros_ws/src/pkg_website_beerpong/install/pkg_website_beerpong/lib/python3.10/site-packages/pkg_website_beerpong-0.0.0-py3.10.egg-info/entry_points.txt
/home/robot/ros_ws/src/pkg_website_beerpong/install/pkg_website_beerpong/lib/python3.10/site-packages/pkg_website_beerpong-0.0.0-py3.10.egg-info/dependency_links.txt
/home/robot/ros_ws/src/pkg_website_beerpong/install/pkg_website_beerpong/lib/python3.10/site-packages/pkg_website_beerpong-0.0.0-py3.10.egg-info/PKG-INFO
/home/robot/ros_ws/src/pkg_website_beerpong/install/pkg_website_beerpong/lib/pkg_website_beerpong/website_beerpong
