running egg_info
creating ../build/pkg_website_beerpong/pkg_website_beerpong.egg-info
writing ../build/pkg_website_beerpong/pkg_website_beerpong.egg-info/PKG-INFO
writing dependency_links to ../build/pkg_website_beerpong/pkg_website_beerpong.egg-info/dependency_links.txt
writing entry points to ../build/pkg_website_beerpong/pkg_website_beerpong.egg-info/entry_points.txt
writing requirements to ../build/pkg_website_beerpong/pkg_website_beerpong.egg-info/requires.txt
writing top-level names to ../build/pkg_website_beerpong/pkg_website_beerpong.egg-info/top_level.txt
writing manifest file '../build/pkg_website_beerpong/pkg_website_beerpong.egg-info/SOURCES.txt'
reading manifest file '../build/pkg_website_beerpong/pkg_website_beerpong.egg-info/SOURCES.txt'
adding license file 'LICENSE'
writing manifest file '../build/pkg_website_beerpong/pkg_website_beerpong.egg-info/SOURCES.txt'
running build
running build_py
creating /home/robot/ros_ws/src/build/pkg_website_beerpong/build
creating /home/robot/ros_ws/src/build/pkg_website_beerpong/build/lib
creating /home/robot/ros_ws/src/build/pkg_website_beerpong/build/lib/pkg_website_beerpong
copying pkg_website_beerpong/__init__.py -> /home/robot/ros_ws/src/build/pkg_website_beerpong/build/lib/pkg_website_beerpong
copying pkg_website_beerpong/SelectTablePublisher.py -> /home/robot/ros_ws/src/build/pkg_website_beerpong/build/lib/pkg_website_beerpong
copying pkg_website_beerpong/SelectedTable.py -> /home/robot/ros_ws/src/build/pkg_website_beerpong/build/lib/pkg_website_beerpong
copying pkg_website_beerpong/app.py -> /home/robot/ros_ws/src/build/pkg_website_beerpong/build/lib/pkg_website_beerpong
copying pkg_website_beerpong/website_beerpong.py -> /home/robot/ros_ws/src/build/pkg_website_beerpong/build/lib/pkg_website_beerpong
running install
/usr/lib/python3/dist-packages/setuptools/command/install.py:34: SetuptoolsDeprecationWarning: setup.py install is deprecated. Use build and pip and other standards-based tools.
  warnings.warn(
running install_lib
creating /home/robot/ros_ws/src/install/pkg_website_beerpong/lib/python3.10/site-packages/pkg_website_beerpong
copying /home/robot/ros_ws/src/build/pkg_website_beerpong/build/lib/pkg_website_beerpong/__init__.py -> /home/robot/ros_ws/src/install/pkg_website_beerpong/lib/python3.10/site-packages/pkg_website_beerpong
copying /home/robot/ros_ws/src/build/pkg_website_beerpong/build/lib/pkg_website_beerpong/SelectTablePublisher.py -> /home/robot/ros_ws/src/install/pkg_website_beerpong/lib/python3.10/site-packages/pkg_website_beerpong
copying /home/robot/ros_ws/src/build/pkg_website_beerpong/build/lib/pkg_website_beerpong/SelectedTable.py -> /home/robot/ros_ws/src/install/pkg_website_beerpong/lib/python3.10/site-packages/pkg_website_beerpong
copying /home/robot/ros_ws/src/build/pkg_website_beerpong/build/lib/pkg_website_beerpong/app.py -> /home/robot/ros_ws/src/install/pkg_website_beerpong/lib/python3.10/site-packages/pkg_website_beerpong
copying /home/robot/ros_ws/src/build/pkg_website_beerpong/build/lib/pkg_website_beerpong/website_beerpong.py -> /home/robot/ros_ws/src/install/pkg_website_beerpong/lib/python3.10/site-packages/pkg_website_beerpong
byte-compiling /home/robot/ros_ws/src/install/pkg_website_beerpong/lib/python3.10/site-packages/pkg_website_beerpong/__init__.py to __init__.cpython-310.pyc
byte-compiling /home/robot/ros_ws/src/install/pkg_website_beerpong/lib/python3.10/site-packages/pkg_website_beerpong/SelectTablePublisher.py to SelectTablePublisher.cpython-310.pyc
byte-compiling /home/robot/ros_ws/src/install/pkg_website_beerpong/lib/python3.10/site-packages/pkg_website_beerpong/SelectedTable.py to SelectedTable.cpython-310.pyc
byte-compiling /home/robot/ros_ws/src/install/pkg_website_beerpong/lib/python3.10/site-packages/pkg_website_beerpong/app.py to app.cpython-310.pyc
byte-compiling /home/robot/ros_ws/src/install/pkg_website_beerpong/lib/python3.10/site-packages/pkg_website_beerpong/website_beerpong.py to website_beerpong.cpython-310.pyc
running install_data
creating /home/robot/ros_ws/src/install/pkg_website_beerpong/share/ament_index
creating /home/robot/ros_ws/src/install/pkg_website_beerpong/share/ament_index/resource_index
creating /home/robot/ros_ws/src/install/pkg_website_beerpong/share/ament_index/resource_index/packages
copying resource/pkg_website_beerpong -> /home/robot/ros_ws/src/install/pkg_website_beerpong/share/ament_index/resource_index/packages
copying package.xml -> /home/robot/ros_ws/src/install/pkg_website_beerpong/share/pkg_website_beerpong
creating /home/robot/ros_ws/src/install/pkg_website_beerpong/share/pkg_website_beerpong/launch
running install_egg_info
Copying ../build/pkg_website_beerpong/pkg_website_beerpong.egg-info to /home/robot/ros_ws/src/install/pkg_website_beerpong/lib/python3.10/site-packages/pkg_website_beerpong-0.0.0-py3.10.egg-info
running install_scripts
Installing website_beerpong script to /home/robot/ros_ws/src/install/pkg_website_beerpong/lib/pkg_website_beerpong
writing list of installed files to '/home/robot/ros_ws/src/build/pkg_website_beerpong/install.log'
