[0.329s] DEBUG:colcon:Command line arguments: ['/usr/bin/colcon', 'build']
[0.329s] DEBUG:colcon:Parsed command line arguments: Namespace(log_base=None, log_level=None, verb_name='build', build_base='build', install_base='install', merge_install=False, symlink_install=False, test_result_base=None, continue_on_error=False, executor='parallel', parallel_workers=8, event_handlers=None, ignore_user_meta=False, metas=['./colcon.meta'], base_paths=['.'], packages_ignore=None, packages_ignore_regex=None, paths=None, packages_up_to=None, packages_up_to_regex=None, packages_above=None, packages_above_and_dependencies=None, packages_above_depth=None, packages_select_by_dep=None, packages_skip_by_dep=None, packages_skip_up_to=None, packages_select_build_failed=False, packages_skip_build_finished=False, packages_select_test_failures=False, packages_skip_test_passed=False, packages_select=None, packages_skip=None, packages_select_regex=None, packages_skip_regex=None, packages_start=None, packages_end=None, cmake_args=None, cmake_target=None, cmake_target_skip_unavailable=False, cmake_clean_cache=False, cmake_clean_first=False, cmake_force_configure=False, ament_cmake_args=None, catkin_cmake_args=None, catkin_skip_building_tests=False, mixin_files=None, mixin=None, verb_parser=<colcon_mixin.mixin.mixin_argument.MixinArgumentDecorator object at 0x74aa4f55ae90>, verb_extension=<colcon_core.verb.build.BuildVerb object at 0x74aa4fd3b790>, main=<bound method BuildVerb.main of <colcon_core.verb.build.BuildVerb object at 0x74aa4fd3b790>>, mixin_verb=('build',))
[0.383s] Level 1:colcon.colcon_core.package_discovery:discover_packages(colcon_meta) check parameters
[0.383s] Level 1:colcon.colcon_core.package_discovery:discover_packages(recursive) check parameters
[0.383s] Level 1:colcon.colcon_core.package_discovery:discover_packages(ignore) check parameters
[0.383s] Level 1:colcon.colcon_core.package_discovery:discover_packages(path) check parameters
[0.383s] Level 1:colcon.colcon_core.package_discovery:discover_packages(colcon_meta) discover
[0.383s] Level 1:colcon.colcon_core.package_discovery:discover_packages(recursive) discover
[0.383s] INFO:colcon.colcon_core.package_discovery:Crawling recursively for packages in '/home/robot/ros_ws/src/pkg_website_beerpong/pkg_website_beerpong'
[0.383s] Level 1:colcon.colcon_core.package_identification:_identify(.) by extensions ['ignore', 'ignore_ament_install']
[0.383s] Level 1:colcon.colcon_core.package_identification:_identify(.) by extension 'ignore'
[0.384s] Level 1:colcon.colcon_core.package_identification:_identify(.) by extension 'ignore_ament_install'
[0.384s] Level 1:colcon.colcon_core.package_identification:_identify(.) by extensions ['colcon_pkg']
[0.384s] Level 1:colcon.colcon_core.package_identification:_identify(.) by extension 'colcon_pkg'
[0.384s] Level 1:colcon.colcon_core.package_identification:_identify(.) by extensions ['colcon_meta']
[0.384s] Level 1:colcon.colcon_core.package_identification:_identify(.) by extension 'colcon_meta'
[0.384s] Level 1:colcon.colcon_core.package_identification:_identify(.) by extensions ['ros']
[0.384s] Level 1:colcon.colcon_core.package_identification:_identify(.) by extension 'ros'
[0.398s] Level 1:colcon.colcon_core.package_identification:_identify(.) by extensions ['cmake', 'python']
[0.398s] Level 1:colcon.colcon_core.package_identification:_identify(.) by extension 'cmake'
[0.398s] Level 1:colcon.colcon_core.package_identification:_identify(.) by extension 'python'
[0.398s] Level 1:colcon.colcon_core.package_identification:_identify(.) by extensions ['python_setup_py']
[0.398s] Level 1:colcon.colcon_core.package_identification:_identify(.) by extension 'python_setup_py'
[0.398s] Level 1:colcon.colcon_core.package_identification:_identify(__pycache__) by extensions ['ignore', 'ignore_ament_install']
[0.398s] Level 1:colcon.colcon_core.package_identification:_identify(__pycache__) by extension 'ignore'
[0.398s] Level 1:colcon.colcon_core.package_identification:_identify(__pycache__) by extension 'ignore_ament_install'
[0.398s] Level 1:colcon.colcon_core.package_identification:_identify(__pycache__) by extensions ['colcon_pkg']
[0.398s] Level 1:colcon.colcon_core.package_identification:_identify(__pycache__) by extension 'colcon_pkg'
[0.398s] Level 1:colcon.colcon_core.package_identification:_identify(__pycache__) by extensions ['colcon_meta']
[0.398s] Level 1:colcon.colcon_core.package_identification:_identify(__pycache__) by extension 'colcon_meta'
[0.398s] Level 1:colcon.colcon_core.package_identification:_identify(__pycache__) by extensions ['ros']
[0.398s] Level 1:colcon.colcon_core.package_identification:_identify(__pycache__) by extension 'ros'
[0.399s] Level 1:colcon.colcon_core.package_identification:_identify(__pycache__) by extensions ['cmake', 'python']
[0.399s] Level 1:colcon.colcon_core.package_identification:_identify(__pycache__) by extension 'cmake'
[0.399s] Level 1:colcon.colcon_core.package_identification:_identify(__pycache__) by extension 'python'
[0.399s] Level 1:colcon.colcon_core.package_identification:_identify(__pycache__) by extensions ['python_setup_py']
[0.399s] Level 1:colcon.colcon_core.package_identification:_identify(__pycache__) by extension 'python_setup_py'
[0.399s] Level 1:colcon.colcon_core.package_identification:_identify(build) by extensions ['ignore', 'ignore_ament_install']
[0.399s] Level 1:colcon.colcon_core.package_identification:_identify(build) by extension 'ignore'
[0.399s] Level 1:colcon.colcon_core.package_identification:_identify(build) ignored
[0.399s] Level 1:colcon.colcon_core.package_identification:_identify(install) by extensions ['ignore', 'ignore_ament_install']
[0.399s] Level 1:colcon.colcon_core.package_identification:_identify(install) by extension 'ignore'
[0.399s] Level 1:colcon.colcon_core.package_identification:_identify(install) ignored
[0.399s] Level 1:colcon.colcon_core.package_identification:_identify(launch) by extensions ['ignore', 'ignore_ament_install']
[0.400s] Level 1:colcon.colcon_core.package_identification:_identify(launch) by extension 'ignore'
[0.400s] Level 1:colcon.colcon_core.package_identification:_identify(launch) by extension 'ignore_ament_install'
[0.400s] Level 1:colcon.colcon_core.package_identification:_identify(launch) by extensions ['colcon_pkg']
[0.400s] Level 1:colcon.colcon_core.package_identification:_identify(launch) by extension 'colcon_pkg'
[0.400s] Level 1:colcon.colcon_core.package_identification:_identify(launch) by extensions ['colcon_meta']
[0.400s] Level 1:colcon.colcon_core.package_identification:_identify(launch) by extension 'colcon_meta'
[0.400s] Level 1:colcon.colcon_core.package_identification:_identify(launch) by extensions ['ros']
[0.400s] Level 1:colcon.colcon_core.package_identification:_identify(launch) by extension 'ros'
[0.400s] Level 1:colcon.colcon_core.package_identification:_identify(launch) by extensions ['cmake', 'python']
[0.400s] Level 1:colcon.colcon_core.package_identification:_identify(launch) by extension 'cmake'
[0.400s] Level 1:colcon.colcon_core.package_identification:_identify(launch) by extension 'python'
[0.400s] Level 1:colcon.colcon_core.package_identification:_identify(launch) by extensions ['python_setup_py']
[0.400s] Level 1:colcon.colcon_core.package_identification:_identify(launch) by extension 'python_setup_py'
[0.400s] Level 1:colcon.colcon_core.package_identification:_identify(log) by extensions ['ignore', 'ignore_ament_install']
[0.400s] Level 1:colcon.colcon_core.package_identification:_identify(log) by extension 'ignore'
[0.400s] Level 1:colcon.colcon_core.package_identification:_identify(log) ignored
[0.401s] Level 1:colcon.colcon_core.package_identification:_identify(static) by extensions ['ignore', 'ignore_ament_install']
[0.401s] Level 1:colcon.colcon_core.package_identification:_identify(static) by extension 'ignore'
[0.401s] Level 1:colcon.colcon_core.package_identification:_identify(static) by extension 'ignore_ament_install'
[0.401s] Level 1:colcon.colcon_core.package_identification:_identify(static) by extensions ['colcon_pkg']
[0.401s] Level 1:colcon.colcon_core.package_identification:_identify(static) by extension 'colcon_pkg'
[0.401s] Level 1:colcon.colcon_core.package_identification:_identify(static) by extensions ['colcon_meta']
[0.401s] Level 1:colcon.colcon_core.package_identification:_identify(static) by extension 'colcon_meta'
[0.401s] Level 1:colcon.colcon_core.package_identification:_identify(static) by extensions ['ros']
[0.401s] Level 1:colcon.colcon_core.package_identification:_identify(static) by extension 'ros'
[0.401s] Level 1:colcon.colcon_core.package_identification:_identify(static) by extensions ['cmake', 'python']
[0.401s] Level 1:colcon.colcon_core.package_identification:_identify(static) by extension 'cmake'
[0.401s] Level 1:colcon.colcon_core.package_identification:_identify(static) by extension 'python'
[0.401s] Level 1:colcon.colcon_core.package_identification:_identify(static) by extensions ['python_setup_py']
[0.401s] Level 1:colcon.colcon_core.package_identification:_identify(static) by extension 'python_setup_py'
[0.401s] Level 1:colcon.colcon_core.package_identification:_identify(static/css) by extensions ['ignore', 'ignore_ament_install']
[0.402s] Level 1:colcon.colcon_core.package_identification:_identify(static/css) by extension 'ignore'
[0.402s] Level 1:colcon.colcon_core.package_identification:_identify(static/css) by extension 'ignore_ament_install'
[0.402s] Level 1:colcon.colcon_core.package_identification:_identify(static/css) by extensions ['colcon_pkg']
[0.402s] Level 1:colcon.colcon_core.package_identification:_identify(static/css) by extension 'colcon_pkg'
[0.402s] Level 1:colcon.colcon_core.package_identification:_identify(static/css) by extensions ['colcon_meta']
[0.402s] Level 1:colcon.colcon_core.package_identification:_identify(static/css) by extension 'colcon_meta'
[0.402s] Level 1:colcon.colcon_core.package_identification:_identify(static/css) by extensions ['ros']
[0.402s] Level 1:colcon.colcon_core.package_identification:_identify(static/css) by extension 'ros'
[0.402s] Level 1:colcon.colcon_core.package_identification:_identify(static/css) by extensions ['cmake', 'python']
[0.402s] Level 1:colcon.colcon_core.package_identification:_identify(static/css) by extension 'cmake'
[0.402s] Level 1:colcon.colcon_core.package_identification:_identify(static/css) by extension 'python'
[0.402s] Level 1:colcon.colcon_core.package_identification:_identify(static/css) by extensions ['python_setup_py']
[0.402s] Level 1:colcon.colcon_core.package_identification:_identify(static/css) by extension 'python_setup_py'
[0.402s] Level 1:colcon.colcon_core.package_identification:_identify(static/images) by extensions ['ignore', 'ignore_ament_install']
[0.402s] Level 1:colcon.colcon_core.package_identification:_identify(static/images) by extension 'ignore'
[0.402s] Level 1:colcon.colcon_core.package_identification:_identify(static/images) by extension 'ignore_ament_install'
[0.403s] Level 1:colcon.colcon_core.package_identification:_identify(static/images) by extensions ['colcon_pkg']
[0.403s] Level 1:colcon.colcon_core.package_identification:_identify(static/images) by extension 'colcon_pkg'
[0.403s] Level 1:colcon.colcon_core.package_identification:_identify(static/images) by extensions ['colcon_meta']
[0.403s] Level 1:colcon.colcon_core.package_identification:_identify(static/images) by extension 'colcon_meta'
[0.403s] Level 1:colcon.colcon_core.package_identification:_identify(static/images) by extensions ['ros']
[0.403s] Level 1:colcon.colcon_core.package_identification:_identify(static/images) by extension 'ros'
[0.403s] Level 1:colcon.colcon_core.package_identification:_identify(static/images) by extensions ['cmake', 'python']
[0.403s] Level 1:colcon.colcon_core.package_identification:_identify(static/images) by extension 'cmake'
[0.403s] Level 1:colcon.colcon_core.package_identification:_identify(static/images) by extension 'python'
[0.403s] Level 1:colcon.colcon_core.package_identification:_identify(static/images) by extensions ['python_setup_py']
[0.403s] Level 1:colcon.colcon_core.package_identification:_identify(static/images) by extension 'python_setup_py'
[0.403s] Level 1:colcon.colcon_core.package_identification:_identify(templates) by extensions ['ignore', 'ignore_ament_install']
[0.403s] Level 1:colcon.colcon_core.package_identification:_identify(templates) by extension 'ignore'
[0.403s] Level 1:colcon.colcon_core.package_identification:_identify(templates) by extension 'ignore_ament_install'
[0.403s] Level 1:colcon.colcon_core.package_identification:_identify(templates) by extensions ['colcon_pkg']
[0.403s] Level 1:colcon.colcon_core.package_identification:_identify(templates) by extension 'colcon_pkg'
[0.403s] Level 1:colcon.colcon_core.package_identification:_identify(templates) by extensions ['colcon_meta']
[0.403s] Level 1:colcon.colcon_core.package_identification:_identify(templates) by extension 'colcon_meta'
[0.404s] Level 1:colcon.colcon_core.package_identification:_identify(templates) by extensions ['ros']
[0.404s] Level 1:colcon.colcon_core.package_identification:_identify(templates) by extension 'ros'
[0.404s] Level 1:colcon.colcon_core.package_identification:_identify(templates) by extensions ['cmake', 'python']
[0.404s] Level 1:colcon.colcon_core.package_identification:_identify(templates) by extension 'cmake'
[0.404s] Level 1:colcon.colcon_core.package_identification:_identify(templates) by extension 'python'
[0.404s] Level 1:colcon.colcon_core.package_identification:_identify(templates) by extensions ['python_setup_py']
[0.404s] Level 1:colcon.colcon_core.package_identification:_identify(templates) by extension 'python_setup_py'
[0.404s] Level 1:colcon.colcon_core.package_discovery:discover_packages(recursive) using defaults
[0.404s] Level 1:colcon.colcon_core.package_discovery:discover_packages(ignore) discover
[0.404s] Level 1:colcon.colcon_core.package_discovery:discover_packages(ignore) using defaults
[0.404s] Level 1:colcon.colcon_core.package_discovery:discover_packages(path) discover
[0.404s] Level 1:colcon.colcon_core.package_discovery:discover_packages(path) using defaults
[0.433s] INFO:colcon.colcon_core.executor:Executing jobs using 'parallel' executor
[0.437s] DEBUG:colcon.colcon_parallel_executor.executor.parallel:run_until_complete
[0.437s] DEBUG:colcon.colcon_parallel_executor.executor.parallel:closing loop
[0.437s] DEBUG:colcon.colcon_parallel_executor.executor.parallel:loop closed
[0.437s] DEBUG:colcon.colcon_parallel_executor.executor.parallel:run_until_complete finished with '0'
[0.437s] DEBUG:colcon.colcon_core.event_reactor:joining thread
[0.445s] INFO:colcon.colcon_core.plugin_system:Skipping extension 'colcon_notification.desktop_notification.notify_send': Could not find 'notify-send'
[0.445s] INFO:colcon.colcon_core.plugin_system:Skipping extension 'colcon_notification.desktop_notification.terminal_notifier': Not used on non-Darwin systems
[0.445s] INFO:colcon.colcon_core.plugin_system:Skipping extension 'colcon_notification.desktop_notification.win32': Not used on non-Windows systems
[0.445s] INFO:colcon.colcon_notification.desktop_notification:Sending desktop notification using 'notify2'
[0.448s] DEBUG:colcon.colcon_notification.desktop_notification.notify2:Failed to initialize notify2: org.freedesktop.DBus.Error.Spawn.ExecFailed: /usr/bin/dbus-launch terminated abnormally without any error message
[0.449s] DEBUG:colcon.colcon_core.event_reactor:joined thread
[0.456s] INFO:colcon.colcon_core.plugin_system:Skipping extension 'colcon_core.shell.bat': Not used on non-Windows systems
[0.456s] INFO:colcon.colcon_core.shell:Creating prefix script '/home/robot/ros_ws/src/pkg_website_beerpong/pkg_website_beerpong/install/local_setup.ps1'
[0.458s] INFO:colcon.colcon_core.shell:Creating prefix util module '/home/robot/ros_ws/src/pkg_website_beerpong/pkg_website_beerpong/install/_local_setup_util_ps1.py'
[0.459s] INFO:colcon.colcon_core.shell:Creating prefix chain script '/home/robot/ros_ws/src/pkg_website_beerpong/pkg_website_beerpong/install/setup.ps1'
[0.463s] INFO:colcon.colcon_core.shell:Creating prefix script '/home/robot/ros_ws/src/pkg_website_beerpong/pkg_website_beerpong/install/local_setup.sh'
[0.464s] INFO:colcon.colcon_core.shell:Creating prefix util module '/home/robot/ros_ws/src/pkg_website_beerpong/pkg_website_beerpong/install/_local_setup_util_sh.py'
[0.464s] INFO:colcon.colcon_core.shell:Creating prefix chain script '/home/robot/ros_ws/src/pkg_website_beerpong/pkg_website_beerpong/install/setup.sh'
[0.469s] INFO:colcon.colcon_core.shell:Creating prefix script '/home/robot/ros_ws/src/pkg_website_beerpong/pkg_website_beerpong/install/local_setup.bash'
[0.470s] INFO:colcon.colcon_core.shell:Creating prefix chain script '/home/robot/ros_ws/src/pkg_website_beerpong/pkg_website_beerpong/install/setup.bash'
[0.473s] INFO:colcon.colcon_core.shell:Creating prefix script '/home/robot/ros_ws/src/pkg_website_beerpong/pkg_website_beerpong/install/local_setup.zsh'
[0.474s] INFO:colcon.colcon_core.shell:Creating prefix chain script '/home/robot/ros_ws/src/pkg_website_beerpong/pkg_website_beerpong/install/setup.zsh'
